<?xml version="1.0" encoding="UTF-8"?>
<!-- Generated by org.testng.reporters.JUnitReportReporter -->
<testsuite name="com.netflix.POM_Netflix.homepage.TC0001_VerifyLoginWithInvalidCredentails" tests="5" time="8.789" ignored="0" failures="0" timestamp="10 Jan 2018 05:11:03 GMT" skipped="0" hostname="LAPTOP-R0G3QLHM" errors="0">
  <testcase name="verifyLoginWithInvalidCredentails" time="1.939" classname="com.netflix.POM_Netflix.homepage.TC0001_VerifyLoginWithInvalidCredentails"/>
  <testcase name="verifyLoginWithInvalidCredentails" time="1.902" classname="com.netflix.POM_Netflix.homepage.TC0001_VerifyLoginWithInvalidCredentails"/>
  <testcase name="verifyLoginWithInvalidCredentails" time="1.887" classname="com.netflix.POM_Netflix.homepage.TC0001_VerifyLoginWithInvalidCredentails"/>
  <testcase name="signIn" time="1.077" classname="com.netflix.POM_Netflix.homepage.TC0001_VerifyLoginWithInvalidCredentails"/>
  <testcase name="verifyLoginWithInvalidCredentails" time="1.984" classname="com.netflix.POM_Netflix.homepage.TC0001_VerifyLoginWithInvalidCredentails"/>
</testsuite> <!-- com.netflix.POM_Netflix.homepage.TC0001_VerifyLoginWithInvalidCredentails -->
