<?xml version="1.0" encoding="UTF-8"?>
<!-- Generated by org.testng.reporters.JUnitReportReporter -->
<testsuite name="com.netflix.POM_Netflix.homepage.TC0003_VerifyLinksOnTheHomePage" tests="13" time="21.858" ignored="0" failures="0" timestamp="11 Jan 2018 22:12:38 GMT" skipped="0" hostname="LAPTOP-R0G3QLHM" errors="0">
  <testcase name="clickLinksOnTheHomePage" time="2.100" classname="com.netflix.POM_Netflix.homepage.TC0003_VerifyLinksOnTheHomePage"/>
  <testcase name="clickLinksOnTheHomePage" time="2.130" classname="com.netflix.POM_Netflix.homepage.TC0003_VerifyLinksOnTheHomePage"/>
  <testcase name="clickLinksOnTheHomePage" time="1.054" classname="com.netflix.POM_Netflix.homepage.TC0003_VerifyLinksOnTheHomePage"/>
  <testcase name="clickLinksOnTheHomePage" time="1.221" classname="com.netflix.POM_Netflix.homepage.TC0003_VerifyLinksOnTheHomePage"/>
  <testcase name="clickLinksOnTheHomePage" time="2.756" classname="com.netflix.POM_Netflix.homepage.TC0003_VerifyLinksOnTheHomePage"/>
  <testcase name="clickLinksOnTheHomePage" time="1.194" classname="com.netflix.POM_Netflix.homepage.TC0003_VerifyLinksOnTheHomePage"/>
  <testcase name="clickLinksOnTheHomePage" time="1.316" classname="com.netflix.POM_Netflix.homepage.TC0003_VerifyLinksOnTheHomePage"/>
  <testcase name="clickLinksOnTheHomePage" time="1.948" classname="com.netflix.POM_Netflix.homepage.TC0003_VerifyLinksOnTheHomePage"/>
  <testcase name="clickLinksOnTheHomePage" time="1.793" classname="com.netflix.POM_Netflix.homepage.TC0003_VerifyLinksOnTheHomePage"/>
  <testcase name="clickLinksOnTheHomePage" time="1.245" classname="com.netflix.POM_Netflix.homepage.TC0003_VerifyLinksOnTheHomePage"/>
  <testcase name="clickLinksOnTheHomePage" time="1.839" classname="com.netflix.POM_Netflix.homepage.TC0003_VerifyLinksOnTheHomePage"/>
  <testcase name="clickLinksOnTheHomePage" time="1.697" classname="com.netflix.POM_Netflix.homepage.TC0003_VerifyLinksOnTheHomePage"/>
  <testcase name="clickLinksOnTheHomePage" time="1.565" classname="com.netflix.POM_Netflix.homepage.TC0003_VerifyLinksOnTheHomePage"/>
</testsuite> <!-- com.netflix.POM_Netflix.homepage.TC0003_VerifyLinksOnTheHomePage -->
