<?xml version="1.0" encoding="UTF-8"?>
<!-- Generated by org.testng.reporters.JUnitReportReporter -->
<testsuite name="com.netflix.POM_Netflix.homepage.TC0002_VerifyJoinFreeForAMonth" tests="1" time="1.846" ignored="0" failures="0" timestamp="09 Jan 2018 00:26:30 GMT" skipped="0" hostname="LAPTOP-R0G3QLHM" errors="0">
  <testcase name="verifyJoinFreeForAMonth" time="1.846" classname="com.netflix.POM_Netflix.homepage.TC0002_VerifyJoinFreeForAMonth"/>
</testsuite> <!-- com.netflix.POM_Netflix.homepage.TC0002_VerifyJoinFreeForAMonth -->
